autoscan: warning: missing AC_CHECK_FUNCS([clock_gettime]) wanted by: 
	cpfw/base/src/Utils.cpp:48
autoscan: warning: missing AC_CHECK_FUNCS([memset]) wanted by: 
	external/tinyxml2/tinyxml2.h:408
	external/tinyxml2/xmltest.cpp:2505
autoscan: warning: missing AC_CHECK_FUNCS([strcasecmp]) wanted by: 
	external/tinyxml2/contrib/html5-printer.cpp:84
autoscan: warning: missing AC_CHECK_FUNCS([strchr]) wanted by: 
	external/tinyxml2/tinyxml2.cpp:497
	external/tinyxml2/tinyxml2.cpp:539
autoscan: warning: missing AC_CHECK_HEADERS([sys/time.h]) wanted by: 
	cpfw/base/src/Utils.cpp:19
autoscan: warning: missing AC_CHECK_HEADER_STDBOOL wanted by: 
	external/tinyxml2/tinyxml2.cpp:350
	external/tinyxml2/tinyxml2.cpp:407
	external/tinyxml2/tinyxml2.cpp:586
	external/tinyxml2/tinyxml2.cpp:619
	external/tinyxml2/tinyxml2.cpp:636
	external/tinyxml2/tinyxml2.cpp:644
	external/tinyxml2/tinyxml2.cpp:644
	external/tinyxml2/tinyxml2.cpp:670
	external/tinyxml2/tinyxml2.cpp:679
	external/tinyxml2/tinyxml2.cpp:688
	external/tinyxml2/tinyxml2.cpp:708
	external/tinyxml2/tinyxml2.cpp:788
	external/tinyxml2/tinyxml2.cpp:833
	external/tinyxml2/tinyxml2.cpp:1104
	external/tinyxml2/tinyxml2.cpp:1139
	external/tinyxml2/tinyxml2.cpp:1247
	external/tinyxml2/tinyxml2.cpp:1255
	external/tinyxml2/tinyxml2.cpp:1295
	external/tinyxml2/tinyxml2.cpp:1303
	external/tinyxml2/tinyxml2.cpp:1344
	external/tinyxml2/tinyxml2.cpp:1353
	external/tinyxml2/tinyxml2.cpp:1392
	external/tinyxml2/tinyxml2.cpp:1400
	external/tinyxml2/tinyxml2.cpp:1418
	external/tinyxml2/tinyxml2.cpp:1488
	external/tinyxml2/tinyxml2.cpp:1552
	external/tinyxml2/tinyxml2.cpp:1643
	external/tinyxml2/tinyxml2.cpp:1643
	external/tinyxml2/tinyxml2.cpp:1645
	external/tinyxml2/tinyxml2.cpp:1724
	external/tinyxml2/tinyxml2.cpp:1800
	external/tinyxml2/tinyxml2.cpp:1866
	external/tinyxml2/tinyxml2.cpp:1866
	external/tinyxml2/tinyxml2.cpp:1868
	external/tinyxml2/tinyxml2.cpp:2093
	external/tinyxml2/tinyxml2.cpp:2119
	external/tinyxml2/tinyxml2.cpp:2159
	external/tinyxml2/tinyxml2.cpp:2208
	external/tinyxml2/tinyxml2.cpp:2393
	external/tinyxml2/tinyxml2.cpp:2412
	external/tinyxml2/tinyxml2.cpp:2555
	external/tinyxml2/tinyxml2.cpp:2639
	external/tinyxml2/tinyxml2.cpp:2645
	external/tinyxml2/tinyxml2.cpp:2660
	external/tinyxml2/tinyxml2.cpp:2694
	external/tinyxml2/tinyxml2.cpp:2694
	external/tinyxml2/tinyxml2.cpp:2705
	external/tinyxml2/tinyxml2.cpp:2723
	external/tinyxml2/tinyxml2.cpp:2779
	external/tinyxml2/tinyxml2.cpp:2795
	external/tinyxml2/tinyxml2.cpp:2833
	external/tinyxml2/tinyxml2.cpp:2881
	external/tinyxml2/tinyxml2.cpp:2935
	external/tinyxml2/tinyxml2.cpp:2945
	external/tinyxml2/tinyxml2.cpp:2951
	external/tinyxml2/tinyxml2.cpp:2961
	external/tinyxml2/tinyxml2.cpp:2968
	external/tinyxml2/tinyxml2.cpp:2975
	external/tinyxml2/tinyxml2.cpp:2981
	external/tinyxml2/tinyxml2.cpp:2988
	external/tinyxml2/tinyxml2.h:166
	external/tinyxml2/tinyxml2.h:253
	external/tinyxml2/tinyxml2.h:487
	external/tinyxml2/tinyxml2.h:491
	external/tinyxml2/tinyxml2.h:496
	external/tinyxml2/tinyxml2.h:500
	external/tinyxml2/tinyxml2.h:505
	external/tinyxml2/tinyxml2.h:509
	external/tinyxml2/tinyxml2.h:513
	external/tinyxml2/tinyxml2.h:517
	external/tinyxml2/tinyxml2.h:572
	external/tinyxml2/tinyxml2.h:576
	external/tinyxml2/tinyxml2.h:587
	external/tinyxml2/tinyxml2.h:594
	external/tinyxml2/tinyxml2.h:599
	external/tinyxml2/tinyxml2.h:609
	external/tinyxml2/tinyxml2.h:613
	external/tinyxml2/tinyxml2.h:622
	external/tinyxml2/tinyxml2.h:629
	external/tinyxml2/tinyxml2.h:630
	external/tinyxml2/tinyxml2.h:631
	external/tinyxml2/tinyxml2.h:631
	external/tinyxml2/tinyxml2.h:632
	external/tinyxml2/tinyxml2.h:633
	external/tinyxml2/tinyxml2.h:634
	external/tinyxml2/tinyxml2.h:635
	external/tinyxml2/tinyxml2.h:749
	external/tinyxml2/tinyxml2.h:764
	external/tinyxml2/tinyxml2.h:908
	external/tinyxml2/tinyxml2.h:932
	external/tinyxml2/tinyxml2.h:995
	external/tinyxml2/tinyxml2.h:1005
	external/tinyxml2/tinyxml2.h:1009
	external/tinyxml2/tinyxml2.h:1014
	external/tinyxml2/tinyxml2.h:1023
	external/tinyxml2/tinyxml2.h:1042
	external/tinyxml2/tinyxml2.h:1045
	external/tinyxml2/tinyxml2.h:1081
	external/tinyxml2/tinyxml2.h:1084
	external/tinyxml2/tinyxml2.h:1116
	external/tinyxml2/tinyxml2.h:1119
	external/tinyxml2/tinyxml2.h:1187
	external/tinyxml2/tinyxml2.h:1188
	external/tinyxml2/tinyxml2.h:1217
	external/tinyxml2/tinyxml2.h:1234
	external/tinyxml2/tinyxml2.h:1250
	external/tinyxml2/tinyxml2.h:1273
	external/tinyxml2/tinyxml2.h:1283
	external/tinyxml2/tinyxml2.h:1324
	external/tinyxml2/tinyxml2.h:1324
	external/tinyxml2/tinyxml2.h:1379
	external/tinyxml2/tinyxml2.h:1448
	external/tinyxml2/tinyxml2.h:1493
	external/tinyxml2/tinyxml2.h:1594
	external/tinyxml2/tinyxml2.h:1634
	external/tinyxml2/tinyxml2.h:1649
	external/tinyxml2/tinyxml2.h:1649
	external/tinyxml2/tinyxml2.h:1680
	external/tinyxml2/tinyxml2.h:1728
	external/tinyxml2/tinyxml2.h:1777
	external/tinyxml2/tinyxml2.h:1786
	external/tinyxml2/tinyxml2.h:1788
	external/tinyxml2/tinyxml2.h:1798
	external/tinyxml2/tinyxml2.h:1803
	external/tinyxml2/tinyxml2.h:1832
	external/tinyxml2/tinyxml2.h:1881
	external/tinyxml2/tinyxml2.h:1926
	external/tinyxml2/tinyxml2.h:1934
	external/tinyxml2/tinyxml2.h:1935
	external/tinyxml2/tinyxml2.h:2246
	external/tinyxml2/tinyxml2.h:2250
	external/tinyxml2/tinyxml2.h:2250
	external/tinyxml2/tinyxml2.h:2254
	external/tinyxml2/tinyxml2.h:2261
	external/tinyxml2/tinyxml2.h:2264
	external/tinyxml2/tinyxml2.h:2267
	external/tinyxml2/tinyxml2.h:2276
	external/tinyxml2/tinyxml2.h:2277
	external/tinyxml2/tinyxml2.h:2289
	external/tinyxml2/tinyxml2.h:2290
	external/tinyxml2/tinyxml2.h:2294
	external/tinyxml2/tinyxml2.h:2295
	external/tinyxml2/tinyxml2.h:2297
	external/tinyxml2/tinyxml2.h:2298
	external/tinyxml2/tinyxml2.h:2299
	external/tinyxml2/tinyxml2.h:2300
	external/tinyxml2/tinyxml2.h:2321
	external/tinyxml2/tinyxml2.h:2328
	external/tinyxml2/tinyxml2.h:2341
	external/tinyxml2/tinyxml2.h:2349
	external/tinyxml2/tinyxml2.h:2350
	external/tinyxml2/tinyxml2.h:2352
	external/tinyxml2/tinyxml2.h:2356
	external/tinyxml2/tinyxml2.h:2357
	external/tinyxml2/tinyxml2.h:2363
	external/tinyxml2/tinyxml2.h:2364
	external/tinyxml2/xmltest.cpp:30
	external/tinyxml2/xmltest.cpp:30
	external/tinyxml2/xmltest.cpp:30
	external/tinyxml2/xmltest.cpp:32
	external/tinyxml2/xmltest.cpp:65
	external/tinyxml2/xmltest.cpp:65
	external/tinyxml2/xmltest.cpp:65
	external/tinyxml2/xmltest.cpp:70
	external/tinyxml2/xmltest.cpp:70
	external/tinyxml2/xmltest.cpp:70
	external/tinyxml2/xmltest.cpp:70
	external/tinyxml2/xmltest.cpp:70
	external/tinyxml2/xmltest.cpp:75
	external/tinyxml2/xmltest.cpp:75
	external/tinyxml2/xmltest.cpp:77
	external/tinyxml2/xmltest.cpp:239
	external/tinyxml2/xmltest.cpp:696
	external/tinyxml2/xmltest.cpp:891
	external/tinyxml2/xmltest.cpp:897
	external/tinyxml2/xmltest.cpp:1089
	external/tinyxml2/xmltest.cpp:1185
	external/tinyxml2/xmltest.cpp:1489
	external/tinyxml2/xmltest.cpp:1598
	external/tinyxml2/xmltest.cpp:1677
	external/tinyxml2/xmltest.cpp:1708
	external/tinyxml2/xmltest.cpp:1774
	external/tinyxml2/xmltest.cpp:1891
	external/tinyxml2/xmltest.cpp:1974
	external/tinyxml2/xmltest.cpp:2130
	external/tinyxml2/xmltest.cpp:2333
	external/tinyxml2/xmltest.cpp:2389
	external/tinyxml2/xmltest.cpp:2394
	external/tinyxml2/xmltest.cpp:2401
	external/tinyxml2/xmltest.cpp:2406
	external/tinyxml2/xmltest.cpp:2411
	external/tinyxml2/xmltest.cpp:2416
	external/tinyxml2/xmltest.cpp:2425
	external/tinyxml2/xmltest.cpp:2516
	external/tinyxml2/contrib/html5-printer.cpp:61
	external/tinyxml2/contrib/html5-printer.cpp:73
	cpfw/base/src/MessagePool.cpp:115
	cpfw/base/include/MessagePool.h:60
	external/tinyxml2/tinyxml2.cpp:350
	external/tinyxml2/tinyxml2.cpp:411
	external/tinyxml2/tinyxml2.cpp:473
	external/tinyxml2/tinyxml2.cpp:633
	external/tinyxml2/tinyxml2.cpp:641
	external/tinyxml2/tinyxml2.cpp:648
	external/tinyxml2/tinyxml2.cpp:662
	external/tinyxml2/tinyxml2.cpp:666
	external/tinyxml2/tinyxml2.cpp:675
	external/tinyxml2/tinyxml2.cpp:684
	external/tinyxml2/tinyxml2.cpp:704
	external/tinyxml2/tinyxml2.cpp:714
	external/tinyxml2/tinyxml2.cpp:907
	external/tinyxml2/tinyxml2.cpp:937
	external/tinyxml2/tinyxml2.cpp:968
	external/tinyxml2/tinyxml2.cpp:975
	external/tinyxml2/tinyxml2.cpp:1104
	external/tinyxml2/tinyxml2.cpp:1139
	external/tinyxml2/tinyxml2.cpp:2104
	external/tinyxml2/tinyxml2.cpp:2111
	external/tinyxml2/tinyxml2.cpp:2115
	external/tinyxml2/tinyxml2.cpp:2161
	external/tinyxml2/tinyxml2.cpp:2323
	external/tinyxml2/tinyxml2.cpp:2396
	external/tinyxml2/tinyxml2.cpp:2556
	external/tinyxml2/tinyxml2.cpp:2567
	external/tinyxml2/tinyxml2.cpp:2568
	external/tinyxml2/tinyxml2.cpp:2660
	external/tinyxml2/tinyxml2.cpp:2672
	external/tinyxml2/tinyxml2.cpp:2720
	external/tinyxml2/tinyxml2.cpp:2742
	external/tinyxml2/tinyxml2.cpp:2819
	external/tinyxml2/tinyxml2.cpp:2828
	external/tinyxml2/tinyxml2.cpp:2853
	external/tinyxml2/tinyxml2.cpp:2861
	external/tinyxml2/tinyxml2.cpp:2869
	external/tinyxml2/tinyxml2.cpp:2877
	external/tinyxml2/tinyxml2.cpp:2885
	external/tinyxml2/tinyxml2.cpp:2893
	external/tinyxml2/tinyxml2.cpp:2901
	external/tinyxml2/tinyxml2.cpp:2939
	external/tinyxml2/tinyxml2.h:749
	external/tinyxml2/tinyxml2.h:1017
	external/tinyxml2/tinyxml2.h:1188
	external/tinyxml2/tinyxml2.h:1273
	external/tinyxml2/tinyxml2.h:1324
	external/tinyxml2/tinyxml2.h:1649
	external/tinyxml2/tinyxml2.h:1777
	external/tinyxml2/tinyxml2.h:1786
	external/tinyxml2/tinyxml2.h:1927
	external/tinyxml2/tinyxml2.h:2246
	external/tinyxml2/tinyxml2.h:2254
	external/tinyxml2/tinyxml2.h:2264
	external/tinyxml2/tinyxml2.h:2267
	external/tinyxml2/xmltest.cpp:30
	external/tinyxml2/xmltest.cpp:36
	external/tinyxml2/xmltest.cpp:65
	external/tinyxml2/xmltest.cpp:70
	external/tinyxml2/xmltest.cpp:376
	external/tinyxml2/xmltest.cpp:391
	external/tinyxml2/xmltest.cpp:427
	external/tinyxml2/xmltest.cpp:437
	external/tinyxml2/xmltest.cpp:492
	external/tinyxml2/xmltest.cpp:493
	external/tinyxml2/xmltest.cpp:522
	external/tinyxml2/xmltest.cpp:525
	external/tinyxml2/xmltest.cpp:527
	external/tinyxml2/xmltest.cpp:537
	external/tinyxml2/xmltest.cpp:540
	external/tinyxml2/xmltest.cpp:555
	external/tinyxml2/xmltest.cpp:588
	external/tinyxml2/xmltest.cpp:624
	external/tinyxml2/xmltest.cpp:671
	external/tinyxml2/xmltest.cpp:693
	external/tinyxml2/xmltest.cpp:696
	external/tinyxml2/xmltest.cpp:719
	external/tinyxml2/xmltest.cpp:736
	external/tinyxml2/xmltest.cpp:743
	external/tinyxml2/xmltest.cpp:755
	external/tinyxml2/xmltest.cpp:766
	external/tinyxml2/xmltest.cpp:778
	external/tinyxml2/xmltest.cpp:786
	external/tinyxml2/xmltest.cpp:849
	external/tinyxml2/xmltest.cpp:891
	external/tinyxml2/xmltest.cpp:897
	external/tinyxml2/xmltest.cpp:1114
	external/tinyxml2/xmltest.cpp:1119
	external/tinyxml2/xmltest.cpp:1132
	external/tinyxml2/xmltest.cpp:1138
	external/tinyxml2/xmltest.cpp:1172
	external/tinyxml2/xmltest.cpp:1199
	external/tinyxml2/xmltest.cpp:1212
	external/tinyxml2/xmltest.cpp:1214
	external/tinyxml2/xmltest.cpp:1229
	external/tinyxml2/xmltest.cpp:1239
	external/tinyxml2/xmltest.cpp:1244
	external/tinyxml2/xmltest.cpp:1259
	external/tinyxml2/xmltest.cpp:1261
	external/tinyxml2/xmltest.cpp:1264
	external/tinyxml2/xmltest.cpp:1278
	external/tinyxml2/xmltest.cpp:1330
	external/tinyxml2/xmltest.cpp:1360
	external/tinyxml2/xmltest.cpp:1378
	external/tinyxml2/xmltest.cpp:1410
	external/tinyxml2/xmltest.cpp:1425
	external/tinyxml2/xmltest.cpp:1459
	external/tinyxml2/xmltest.cpp:1486
	external/tinyxml2/xmltest.cpp:1517
	external/tinyxml2/xmltest.cpp:1544
	external/tinyxml2/xmltest.cpp:1573
	external/tinyxml2/xmltest.cpp:1576
	external/tinyxml2/xmltest.cpp:1579
	external/tinyxml2/xmltest.cpp:1595
	external/tinyxml2/xmltest.cpp:1608
	external/tinyxml2/xmltest.cpp:1644
	external/tinyxml2/xmltest.cpp:1645
	external/tinyxml2/xmltest.cpp:1710
	external/tinyxml2/xmltest.cpp:1741
	external/tinyxml2/xmltest.cpp:1748
	external/tinyxml2/xmltest.cpp:1749
	external/tinyxml2/xmltest.cpp:1755
	external/tinyxml2/xmltest.cpp:1756
	external/tinyxml2/xmltest.cpp:1762
	external/tinyxml2/xmltest.cpp:1763
	external/tinyxml2/xmltest.cpp:1769
	external/tinyxml2/xmltest.cpp:1770
	external/tinyxml2/xmltest.cpp:1774
	external/tinyxml2/xmltest.cpp:1776
	external/tinyxml2/xmltest.cpp:1777
	external/tinyxml2/xmltest.cpp:1785
	external/tinyxml2/xmltest.cpp:1792
	external/tinyxml2/xmltest.cpp:1806
	external/tinyxml2/xmltest.cpp:1815
	external/tinyxml2/xmltest.cpp:1816
	external/tinyxml2/xmltest.cpp:1823
	external/tinyxml2/xmltest.cpp:1828
	external/tinyxml2/xmltest.cpp:1840
	external/tinyxml2/xmltest.cpp:1868
	external/tinyxml2/xmltest.cpp:1877
	external/tinyxml2/xmltest.cpp:1879
	external/tinyxml2/xmltest.cpp:1887
	external/tinyxml2/xmltest.cpp:1893
	external/tinyxml2/xmltest.cpp:1910
	external/tinyxml2/xmltest.cpp:1914
	external/tinyxml2/xmltest.cpp:1916
	external/tinyxml2/xmltest.cpp:1921
	external/tinyxml2/xmltest.cpp:1922
	external/tinyxml2/xmltest.cpp:1926
	external/tinyxml2/xmltest.cpp:1969
	external/tinyxml2/xmltest.cpp:1979
	external/tinyxml2/xmltest.cpp:1986
	external/tinyxml2/xmltest.cpp:1989
	external/tinyxml2/xmltest.cpp:1996
	external/tinyxml2/xmltest.cpp:1999
	external/tinyxml2/xmltest.cpp:2007
	external/tinyxml2/xmltest.cpp:2016
	external/tinyxml2/xmltest.cpp:2037
	external/tinyxml2/xmltest.cpp:2119
	external/tinyxml2/xmltest.cpp:2149
	external/tinyxml2/xmltest.cpp:2154
	external/tinyxml2/xmltest.cpp:2174
	external/tinyxml2/xmltest.cpp:2176
	external/tinyxml2/xmltest.cpp:2195
	external/tinyxml2/xmltest.cpp:2218
	external/tinyxml2/xmltest.cpp:2367
	external/tinyxml2/xmltest.cpp:2375
	external/tinyxml2/xmltest.cpp:2516
	external/tinyxml2/xmltest.cpp:2528
	external/tinyxml2/contrib/html5-printer.cpp:61
	external/tinyxml2/contrib/html5-printer.cpp:89
	external/tinyxml2/contrib/html5-printer.cpp:94
	cpfw/base/src/Handler.cpp:28
	cpfw/base/src/Handler.cpp:33
	external/tinyxml2/tinyxml2.cpp:359
	external/tinyxml2/tinyxml2.cpp:417
	external/tinyxml2/tinyxml2.cpp:625
	external/tinyxml2/tinyxml2.cpp:630
	external/tinyxml2/tinyxml2.cpp:639
	external/tinyxml2/tinyxml2.cpp:648
	external/tinyxml2/tinyxml2.cpp:649
	external/tinyxml2/tinyxml2.cpp:656
	external/tinyxml2/tinyxml2.cpp:657
	external/tinyxml2/tinyxml2.cpp:663
	external/tinyxml2/tinyxml2.cpp:673
	external/tinyxml2/tinyxml2.cpp:682
	external/tinyxml2/tinyxml2.cpp:694
	external/tinyxml2/tinyxml2.cpp:701
	external/tinyxml2/tinyxml2.cpp:712
	external/tinyxml2/tinyxml2.cpp:762
	external/tinyxml2/tinyxml2.cpp:1115
	external/tinyxml2/tinyxml2.cpp:1142
	external/tinyxml2/tinyxml2.cpp:1147
	external/tinyxml2/tinyxml2.cpp:1150
	external/tinyxml2/tinyxml2.cpp:2113
	external/tinyxml2/tinyxml2.cpp:2558
	external/tinyxml2/tinyxml2.cpp:2562
	external/tinyxml2/tinyxml2.cpp:2574
	external/tinyxml2/tinyxml2.cpp:2576
	external/tinyxml2/tinyxml2.cpp:2577
	external/tinyxml2/tinyxml2.cpp:2578
	external/tinyxml2/tinyxml2.cpp:2666
	external/tinyxml2/tinyxml2.cpp:2731
	external/tinyxml2/tinyxml2.cpp:2844
	external/tinyxml2/tinyxml2.cpp:2939
	external/tinyxml2/tinyxml2.cpp:2941
	external/tinyxml2/tinyxml2.cpp:2957
	external/tinyxml2/tinyxml2.cpp:2964
	external/tinyxml2/tinyxml2.cpp:2971
	external/tinyxml2/tinyxml2.cpp:2978
	external/tinyxml2/tinyxml2.cpp:2984
	external/tinyxml2/tinyxml2.cpp:2991
	external/tinyxml2/tinyxml2.h:488
	external/tinyxml2/tinyxml2.h:492
	external/tinyxml2/tinyxml2.h:497
	external/tinyxml2/tinyxml2.h:501
	external/tinyxml2/tinyxml2.h:506
	external/tinyxml2/tinyxml2.h:510
	external/tinyxml2/tinyxml2.h:514
	external/tinyxml2/tinyxml2.h:518
	external/tinyxml2/tinyxml2.h:579
	external/tinyxml2/tinyxml2.h:582
	external/tinyxml2/tinyxml2.h:601
	external/tinyxml2/tinyxml2.h:763
	external/tinyxml2/tinyxml2.h:1008
	external/tinyxml2/tinyxml2.h:1728
	external/tinyxml2/tinyxml2.h:1880
	external/tinyxml2/tinyxml2.h:2291
	external/tinyxml2/tinyxml2.h:2321
	external/tinyxml2/xmltest.cpp:30
	external/tinyxml2/xmltest.cpp:34
	external/tinyxml2/xmltest.cpp:65
	external/tinyxml2/xmltest.cpp:70
	external/tinyxml2/xmltest.cpp:75
	external/tinyxml2/xmltest.cpp:313
	external/tinyxml2/xmltest.cpp:351
	external/tinyxml2/xmltest.cpp:445
	external/tinyxml2/xmltest.cpp:447
	external/tinyxml2/xmltest.cpp:450
	external/tinyxml2/xmltest.cpp:452
	external/tinyxml2/xmltest.cpp:455
	external/tinyxml2/xmltest.cpp:457
	external/tinyxml2/xmltest.cpp:492
	external/tinyxml2/xmltest.cpp:499
	external/tinyxml2/xmltest.cpp:502
	external/tinyxml2/xmltest.cpp:520
	external/tinyxml2/xmltest.cpp:522
	external/tinyxml2/xmltest.cpp:526
	external/tinyxml2/xmltest.cpp:545
	external/tinyxml2/xmltest.cpp:558
	external/tinyxml2/xmltest.cpp:616
	external/tinyxml2/xmltest.cpp:616
	external/tinyxml2/xmltest.cpp:662
	external/tinyxml2/xmltest.cpp:663
	external/tinyxml2/xmltest.cpp:664
	external/tinyxml2/xmltest.cpp:665
	external/tinyxml2/xmltest.cpp:699
	external/tinyxml2/xmltest.cpp:702
	external/tinyxml2/xmltest.cpp:706
	external/tinyxml2/xmltest.cpp:728
	external/tinyxml2/xmltest.cpp:746
	external/tinyxml2/xmltest.cpp:798
	external/tinyxml2/xmltest.cpp:821
	external/tinyxml2/xmltest.cpp:822
	external/tinyxml2/xmltest.cpp:827
	external/tinyxml2/xmltest.cpp:828
	external/tinyxml2/xmltest.cpp:830
	external/tinyxml2/xmltest.cpp:837
	external/tinyxml2/xmltest.cpp:838
	external/tinyxml2/xmltest.cpp:843
	external/tinyxml2/xmltest.cpp:844
	external/tinyxml2/xmltest.cpp:851
	external/tinyxml2/xmltest.cpp:854
	external/tinyxml2/xmltest.cpp:861
	external/tinyxml2/xmltest.cpp:862
	external/tinyxml2/xmltest.cpp:867
	external/tinyxml2/xmltest.cpp:868
	external/tinyxml2/xmltest.cpp:870
	external/tinyxml2/xmltest.cpp:877
	external/tinyxml2/xmltest.cpp:878
	external/tinyxml2/xmltest.cpp:883
	external/tinyxml2/xmltest.cpp:884
	external/tinyxml2/xmltest.cpp:886
	external/tinyxml2/xmltest.cpp:889
	external/tinyxml2/xmltest.cpp:893
	external/tinyxml2/xmltest.cpp:894
	external/tinyxml2/xmltest.cpp:894
	external/tinyxml2/xmltest.cpp:899
	external/tinyxml2/xmltest.cpp:900
	external/tinyxml2/xmltest.cpp:900
	external/tinyxml2/xmltest.cpp:902
	external/tinyxml2/xmltest.cpp:902
	external/tinyxml2/xmltest.cpp:905
	external/tinyxml2/xmltest.cpp:910
	external/tinyxml2/xmltest.cpp:921
	external/tinyxml2/xmltest.cpp:922
	external/tinyxml2/xmltest.cpp:927
	external/tinyxml2/xmltest.cpp:928
	external/tinyxml2/xmltest.cpp:930
	external/tinyxml2/xmltest.cpp:937
	external/tinyxml2/xmltest.cpp:938
	external/tinyxml2/xmltest.cpp:943
	external/tinyxml2/xmltest.cpp:944
	external/tinyxml2/xmltest.cpp:946
	external/tinyxml2/xmltest.cpp:952
	external/tinyxml2/xmltest.cpp:953
	external/tinyxml2/xmltest.cpp:959
	external/tinyxml2/xmltest.cpp:960
	external/tinyxml2/xmltest.cpp:968
	external/tinyxml2/xmltest.cpp:976
	external/tinyxml2/xmltest.cpp:984
	external/tinyxml2/xmltest.cpp:989
	external/tinyxml2/xmltest.cpp:991
	external/tinyxml2/xmltest.cpp:993
	external/tinyxml2/xmltest.cpp:995
	external/tinyxml2/xmltest.cpp:997
	external/tinyxml2/xmltest.cpp:999
	external/tinyxml2/xmltest.cpp:999
	external/tinyxml2/xmltest.cpp:1001
	external/tinyxml2/xmltest.cpp:1034
	external/tinyxml2/xmltest.cpp:1055
	external/tinyxml2/xmltest.cpp:1091
	external/tinyxml2/xmltest.cpp:1152
	external/tinyxml2/xmltest.cpp:1154
	external/tinyxml2/xmltest.cpp:1156
	external/tinyxml2/xmltest.cpp:1177
	external/tinyxml2/xmltest.cpp:1181
	external/tinyxml2/xmltest.cpp:1181
	external/tinyxml2/xmltest.cpp:1187
	external/tinyxml2/xmltest.cpp:1191
	external/tinyxml2/xmltest.cpp:1191
	external/tinyxml2/xmltest.cpp:1301
	external/tinyxml2/xmltest.cpp:1340
	external/tinyxml2/xmltest.cpp:1347
	external/tinyxml2/xmltest.cpp:1349
	external/tinyxml2/xmltest.cpp:1367
	external/tinyxml2/xmltest.cpp:1368
	external/tinyxml2/xmltest.cpp:1401
	external/tinyxml2/xmltest.cpp:1417
	external/tinyxml2/xmltest.cpp:1418
	external/tinyxml2/xmltest.cpp:1418
	external/tinyxml2/xmltest.cpp:1440
	external/tinyxml2/xmltest.cpp:1468
	external/tinyxml2/xmltest.cpp:1490
	external/tinyxml2/xmltest.cpp:1498
	external/tinyxml2/xmltest.cpp:1525
	external/tinyxml2/xmltest.cpp:1536
	external/tinyxml2/xmltest.cpp:1563
	external/tinyxml2/xmltest.cpp:1600
	external/tinyxml2/xmltest.cpp:1612
	external/tinyxml2/xmltest.cpp:1619
	external/tinyxml2/xmltest.cpp:1624
	external/tinyxml2/xmltest.cpp:1631
	external/tinyxml2/xmltest.cpp:1638
	external/tinyxml2/xmltest.cpp:1651
	external/tinyxml2/xmltest.cpp:1657
	external/tinyxml2/xmltest.cpp:1678
	external/tinyxml2/xmltest.cpp:1712
	external/tinyxml2/xmltest.cpp:1725
	external/tinyxml2/xmltest.cpp:1727
	external/tinyxml2/xmltest.cpp:1729
	external/tinyxml2/xmltest.cpp:1731
	external/tinyxml2/xmltest.cpp:1733
	external/tinyxml2/xmltest.cpp:1777
	external/tinyxml2/xmltest.cpp:1799
	external/tinyxml2/xmltest.cpp:1811
	external/tinyxml2/xmltest.cpp:1813
	external/tinyxml2/xmltest.cpp:1818
	external/tinyxml2/xmltest.cpp:1825
	external/tinyxml2/xmltest.cpp:1838
	external/tinyxml2/xmltest.cpp:1866
	external/tinyxml2/xmltest.cpp:1869
	external/tinyxml2/xmltest.cpp:1879
	external/tinyxml2/xmltest.cpp:1892
	external/tinyxml2/xmltest.cpp:1914
	external/tinyxml2/xmltest.cpp:1922
	external/tinyxml2/xmltest.cpp:1926
	external/tinyxml2/xmltest.cpp:1973
	external/tinyxml2/xmltest.cpp:1975
	external/tinyxml2/xmltest.cpp:1983
	external/tinyxml2/xmltest.cpp:1985
	external/tinyxml2/xmltest.cpp:1993
	external/tinyxml2/xmltest.cpp:1995
	external/tinyxml2/xmltest.cpp:2002
	external/tinyxml2/xmltest.cpp:2004
	external/tinyxml2/xmltest.cpp:2006
	external/tinyxml2/xmltest.cpp:2025
	external/tinyxml2/xmltest.cpp:2074
	external/tinyxml2/xmltest.cpp:2079
	external/tinyxml2/xmltest.cpp:2094
	external/tinyxml2/xmltest.cpp:2096
	external/tinyxml2/xmltest.cpp:2131
	external/tinyxml2/xmltest.cpp:2141
	external/tinyxml2/xmltest.cpp:2151
	external/tinyxml2/xmltest.cpp:2205
	external/tinyxml2/xmltest.cpp:2212
	external/tinyxml2/xmltest.cpp:2221
	external/tinyxml2/xmltest.cpp:2280
	external/tinyxml2/xmltest.cpp:2280
	external/tinyxml2/xmltest.cpp:2306
	external/tinyxml2/xmltest.cpp:2311
	external/tinyxml2/xmltest.cpp:2318
	external/tinyxml2/xmltest.cpp:2323
	external/tinyxml2/xmltest.cpp:2329
	external/tinyxml2/xmltest.cpp:2334
	external/tinyxml2/xmltest.cpp:2358
	external/tinyxml2/xmltest.cpp:2392
	external/tinyxml2/xmltest.cpp:2399
	external/tinyxml2/xmltest.cpp:2404
	external/tinyxml2/xmltest.cpp:2409
	external/tinyxml2/xmltest.cpp:2414
	external/tinyxml2/xmltest.cpp:2419
	external/tinyxml2/xmltest.cpp:2426
	external/tinyxml2/xmltest.cpp:2483
	external/tinyxml2/xmltest.cpp:2499
	external/tinyxml2/xmltest.cpp:2507
	external/tinyxml2/contrib/html5-printer.cpp:85
	external/tinyxml2/contrib/html5-printer.cpp:99
	external/tinyxml2/contrib/html5-printer.cpp:103
	cpfw/base/src/Handler.cpp:41
autoscan: warning: missing AC_CHECK_TYPES([ptrdiff_t]) wanted by: 
	external/tinyxml2/tinyxml2.cpp:486
autoscan: warning: missing AC_PROG_RANLIB wanted by: 
	external/tinyxml2/Makefile:11
	external/tinyxml2/Makefile:11
autoscan: warning: missing AC_TYPE_INT64_T wanted by: 
	external/tinyxml2/tinyxml2.cpp:607
	external/tinyxml2/tinyxml2.cpp:688
	external/tinyxml2/tinyxml2.cpp:693
	external/tinyxml2/tinyxml2.cpp:700
	external/tinyxml2/tinyxml2.cpp:1470
	external/tinyxml2/tinyxml2.cpp:1537
	external/tinyxml2/tinyxml2.cpp:1629
	external/tinyxml2/tinyxml2.cpp:1629
	external/tinyxml2/tinyxml2.cpp:1631
	external/tinyxml2/tinyxml2.cpp:1710
	external/tinyxml2/tinyxml2.cpp:1774
	external/tinyxml2/tinyxml2.cpp:1852
	external/tinyxml2/tinyxml2.cpp:1852
	external/tinyxml2/tinyxml2.cpp:1854
	external/tinyxml2/tinyxml2.cpp:2763
	external/tinyxml2/tinyxml2.cpp:2849
	external/tinyxml2/tinyxml2.h:625
	external/tinyxml2/tinyxml2.h:634
	external/tinyxml2/tinyxml2.h:1168
	external/tinyxml2/tinyxml2.h:1169
	external/tinyxml2/tinyxml2.h:1213
	external/tinyxml2/tinyxml2.h:1230
	external/tinyxml2/tinyxml2.h:1320
	external/tinyxml2/tinyxml2.h:1320
	external/tinyxml2/tinyxml2.h:1361
	external/tinyxml2/tinyxml2.h:1440
	external/tinyxml2/tinyxml2.h:1481
	external/tinyxml2/tinyxml2.h:1590
	external/tinyxml2/tinyxml2.h:1630
	external/tinyxml2/tinyxml2.h:1645
	external/tinyxml2/tinyxml2.h:1645
	external/tinyxml2/tinyxml2.h:2259
	external/tinyxml2/tinyxml2.h:2273
	external/tinyxml2/xmltest.cpp:810
	external/tinyxml2/xmltest.cpp:859
	external/tinyxml2/xmltest.cpp:865
	external/tinyxml2/xmltest.cpp:950
	external/tinyxml2/xmltest.cpp:1073
	external/tinyxml2/xmltest.cpp:1075
	external/tinyxml2/xmltest.cpp:1668
	external/tinyxml2/xmltest.cpp:1669
	external/tinyxml2/xmltest.cpp:1695
	external/tinyxml2/xmltest.cpp:1696
autoscan: warning: missing AC_TYPE_SIZE_T wanted by: 
	external/tinyxml2/tinyxml2.cpp:44
	external/tinyxml2/tinyxml2.cpp:53
	external/tinyxml2/tinyxml2.cpp:206
	external/tinyxml2/tinyxml2.cpp:223
	external/tinyxml2/tinyxml2.cpp:2363
	external/tinyxml2/tinyxml2.cpp:2363
	external/tinyxml2/tinyxml2.cpp:2377
	external/tinyxml2/tinyxml2.cpp:2377
	external/tinyxml2/tinyxml2.cpp:2380
	external/tinyxml2/tinyxml2.cpp:2423
	external/tinyxml2/tinyxml2.cpp:2431
	external/tinyxml2/tinyxml2.cpp:2480
	external/tinyxml2/tinyxml2.cpp:2487
	external/tinyxml2/tinyxml2.cpp:2605
	external/tinyxml2/tinyxml2.cpp:2655
	external/tinyxml2/tinyxml2.cpp:2683
	external/tinyxml2/tinyxml2.h:1750
	external/tinyxml2/tinyxml2.h:1750
	external/tinyxml2/tinyxml2.h:2335
	external/tinyxml2/xmltest.cpp:2506
	cpfw/core/src/DataParser.cpp:116
autoscan: warning: missing AC_TYPE_UINT64_T wanted by: 
	external/tinyxml2/tinyxml2.cpp:613
	external/tinyxml2/tinyxml2.cpp:708
	external/tinyxml2/tinyxml2.cpp:711
	external/tinyxml2/tinyxml2.cpp:1479
	external/tinyxml2/tinyxml2.cpp:1544
	external/tinyxml2/tinyxml2.cpp:1636
	external/tinyxml2/tinyxml2.cpp:1636
	external/tinyxml2/tinyxml2.cpp:1638
	external/tinyxml2/tinyxml2.cpp:1717
	external/tinyxml2/tinyxml2.cpp:1787
	external/tinyxml2/tinyxml2.cpp:1859
	external/tinyxml2/tinyxml2.cpp:1859
	external/tinyxml2/tinyxml2.cpp:1861
	external/tinyxml2/tinyxml2.cpp:2771
	external/tinyxml2/tinyxml2.cpp:2857
	external/tinyxml2/tinyxml2.h:626
	external/tinyxml2/tinyxml2.h:635
	external/tinyxml2/tinyxml2.h:1174
	external/tinyxml2/tinyxml2.h:1175
	external/tinyxml2/tinyxml2.h:1215
	external/tinyxml2/tinyxml2.h:1232
	external/tinyxml2/tinyxml2.h:1322
	external/tinyxml2/tinyxml2.h:1322
	external/tinyxml2/tinyxml2.h:1370
	external/tinyxml2/tinyxml2.h:1444
	external/tinyxml2/tinyxml2.h:1487
	external/tinyxml2/tinyxml2.h:1592
	external/tinyxml2/tinyxml2.h:1632
	external/tinyxml2/tinyxml2.h:1647
	external/tinyxml2/tinyxml2.h:1647
	external/tinyxml2/tinyxml2.h:2260
	external/tinyxml2/tinyxml2.h:2275
	external/tinyxml2/xmltest.cpp:811
	external/tinyxml2/xmltest.cpp:875
	external/tinyxml2/xmltest.cpp:881
	external/tinyxml2/xmltest.cpp:957
	external/tinyxml2/xmltest.cpp:1077
	external/tinyxml2/xmltest.cpp:1079
	cpfw/core/src/Logic.cpp:68
	cpfw/core/src/Logic.cpp:74
	cpfw/core/include/Logic.h:50
	cpfw/core/include/Logic.h:54
	cpfw/base/src/Handler.cpp:49
	cpfw/base/src/Handler.cpp:52
	cpfw/base/src/Handler.cpp:67
	cpfw/base/src/Handler.cpp:68
	cpfw/base/src/Handler.cpp:79
	cpfw/base/src/Utils.cpp:46
	cpfw/base/src/MessagePool.cpp:28
	cpfw/base/src/MessagePool.cpp:28
	cpfw/base/src/MessagePool.cpp:35
	cpfw/base/src/MessagePool.cpp:35
	cpfw/base/src/MessagePool.cpp:43
	cpfw/base/src/MessagePool.cpp:43
	cpfw/base/src/MessagePool.cpp:52
	cpfw/base/src/MessagePool.cpp:87
	cpfw/base/src/MessagePool.cpp:93
	cpfw/base/src/MessagePool.cpp:93
	cpfw/base/src/MessagePool.cpp:98
	cpfw/base/src/MessagePool.cpp:115
	cpfw/base/include/Handler.h:45
	cpfw/base/include/Handler.h:48
	cpfw/base/include/Message.h:33
	cpfw/base/include/Utils.h:42
	cpfw/base/include/MessagePool.h:34
	cpfw/base/include/MessagePool.h:34
	cpfw/base/include/MessagePool.h:37
	cpfw/base/include/MessagePool.h:37
	cpfw/base/include/MessagePool.h:40
	cpfw/base/include/MessagePool.h:40
	cpfw/base/include/MessagePool.h:42
	cpfw/base/include/MessagePool.h:52
	cpfw/base/include/MessagePool.h:56
	cpfw/base/include/MessagePool.h:56
	cpfw/base/include/MessagePool.h:58
	cpfw/base/include/MessagePool.h:60
	cpfw/base/include/MessagePool.h:63
	cpfw/base/include/MessagePool.h:65
	cpfw/base/include/MessagePool.h:65
autoscan: warning: missing AC_TYPE_UINT8_T wanted by: 
	cpfw/base/include/Handler.h:30
