This file contains any messages produced by compilers while
running configure, to aid debugging if configure makes a mistake.

It was created by exampleChain configure 0.1, which was
generated by GNU Autoconf 2.69.  Invocation command line was

  $ ./configure --no-create --no-recursion

## --------- ##
## Platform. ##
## --------- ##

hostname = ubuntu
uname -m = x86_64
uname -r = 5.15.0-41-generic
uname -s = Linux
uname -v = #44~20.04.1-Ubuntu SMP Fri Jun 24 13:27:29 UTC 2022

/usr/bin/uname -p = x86_64
/bin/uname -X     = unknown

/bin/arch              = x86_64
/usr/bin/arch -k       = unknown
/usr/convex/getsysinfo = unknown
/usr/bin/hostinfo      = unknown
/bin/machine           = unknown
/usr/bin/oslevel       = unknown
/bin/universe          = unknown

PATH: /usr/local/sbin
PATH: /usr/local/bin
PATH: /usr/sbin
PATH: /usr/bin
PATH: /sbin
PATH: /bin
PATH: /usr/games
PATH: /usr/local/games
PATH: /snap/bin


## ----------- ##
## Core tests. ##
## ----------- ##

configure:2280: checking for g++
configure:2296: found /usr/bin/g++
configure:2307: result: g++
configure:2334: checking for C++ compiler version
configure:2343: g++ --version >&5
g++ (Ubuntu 9.4.0-1ubuntu1~20.04.1) 9.4.0
Copyright (C) 2019 Free Software Foundation, Inc.
This is free software; see the source for copying conditions.  There is NO
warranty; not even for MERCHANTABILITY or FITNESS FOR A PARTICULAR PURPOSE.

configure:2354: $? = 0
configure:2343: g++ -v >&5
Using built-in specs.
COLLECT_GCC=g++
COLLECT_LTO_WRAPPER=/usr/lib/gcc/x86_64-linux-gnu/9/lto-wrapper
OFFLOAD_TARGET_NAMES=nvptx-none:hsa
OFFLOAD_TARGET_DEFAULT=1
Target: x86_64-linux-gnu
Configured with: ../src/configure -v --with-pkgversion='Ubuntu 9.4.0-1ubuntu1~20.04.1' --with-bugurl=file:///usr/share/doc/gcc-9/README.Bugs --enable-languages=c,ada,c++,go,brig,d,fortran,objc,obj-c++,gm2 --prefix=/usr --with-gcc-major-version-only --program-suffix=-9 --program-prefix=x86_64-linux-gnu- --enable-shared --enable-linker-build-id --libexecdir=/usr/lib --without-included-gettext --enable-threads=posix --libdir=/usr/lib --enable-nls --enable-clocale=gnu --enable-libstdcxx-debug --enable-libstdcxx-time=yes --with-default-libstdcxx-abi=new --enable-gnu-unique-object --disable-vtable-verify --enable-plugin --enable-default-pie --with-system-zlib --with-target-system-zlib=auto --enable-objc-gc=auto --enable-multiarch --disable-werror --with-arch-32=i686 --with-abi=m64 --with-multilib-list=m32,m64,mx32 --enable-multilib --with-tune=generic --enable-offload-targets=nvptx-none=/build/gcc-9-Av3uEd/gcc-9-9.4.0/debian/tmp-nvptx/usr,hsa --without-cuda-driver --enable-checking=release --build=x86_64-linux-gnu --host=x86_64-linux-gnu --target=x86_64-linux-gnu
Thread model: posix
gcc version 9.4.0 (Ubuntu 9.4.0-1ubuntu1~20.04.1) 
configure:2354: $? = 0
configure:2343: g++ -V >&5
g++: error: unrecognized command line option '-V'
g++: fatal error: no input files
compilation terminated.
configure:2354: $? = 1
configure:2343: g++ -qversion >&5
g++: error: unrecognized command line option '-qversion'; did you mean '--version'?
g++: fatal error: no input files
compilation terminated.
configure:2354: $? = 1
configure:2374: checking whether the C++ compiler works
configure:2396: g++    conftest.cpp  >&5
configure:2400: $? = 0
configure:2448: result: yes
configure:2451: checking for C++ compiler default output file name
configure:2453: result: a.out
configure:2459: checking for suffix of executables
configure:2466: g++ -o conftest    conftest.cpp  >&5
configure:2470: $? = 0
configure:2492: result: 
configure:2514: checking whether we are cross compiling
configure:2522: g++ -o conftest    conftest.cpp  >&5
configure:2526: $? = 0
configure:2533: ./conftest
configure:2537: $? = 0
configure:2525: result: no
configure:2530: checking for suffix of object files
configure:2552: g++ -c   conftest.cpp >&5
configure:2556: $? = 0
configure:2577: result: o
configure:2581: checking whether we are using the GNU C++ compiler
configure:2600: g++ -c   conftest.cpp >&5
configure:2600: $? = 0
configure:2609: result: yes
configure:2618: checking whether g++ accepts -g
configure:2638: g++ -c -g  conftest.cpp >&5
configure:2638: $? = 0
configure:2679: result: yes
configure:2750: checking for gcc
configure:2766: found /usr/bin/gcc
configure:2777: result: gcc
configure:3006: checking for C compiler version
configure:3015: gcc --version >&5
gcc (Ubuntu 9.4.0-1ubuntu1~20.04.1) 9.4.0
Copyright (C) 2019 Free Software Foundation, Inc.
This is free software; see the source for copying conditions.  There is NO
warranty; not even for MERCHANTABILITY or FITNESS FOR A PARTICULAR PURPOSE.

configure:3026: $? = 0
configure:3015: gcc -v >&5
Using built-in specs.
COLLECT_GCC=gcc
COLLECT_LTO_WRAPPER=/usr/lib/gcc/x86_64-linux-gnu/9/lto-wrapper
OFFLOAD_TARGET_NAMES=nvptx-none:hsa
OFFLOAD_TARGET_DEFAULT=1
Target: x86_64-linux-gnu
Configured with: ../src/configure -v --with-pkgversion='Ubuntu 9.4.0-1ubuntu1~20.04.1' --with-bugurl=file:///usr/share/doc/gcc-9/README.Bugs --enable-languages=c,ada,c++,go,brig,d,fortran,objc,obj-c++,gm2 --prefix=/usr --with-gcc-major-version-only --program-suffix=-9 --program-prefix=x86_64-linux-gnu- --enable-shared --enable-linker-build-id --libexecdir=/usr/lib --without-included-gettext --enable-threads=posix --libdir=/usr/lib --enable-nls --enable-clocale=gnu --enable-libstdcxx-debug --enable-libstdcxx-time=yes --with-default-libstdcxx-abi=new --enable-gnu-unique-object --disable-vtable-verify --enable-plugin --enable-default-pie --with-system-zlib --with-target-system-zlib=auto --enable-objc-gc=auto --enable-multiarch --disable-werror --with-arch-32=i686 --with-abi=m64 --with-multilib-list=m32,m64,mx32 --enable-multilib --with-tune=generic --enable-offload-targets=nvptx-none=/build/gcc-9-Av3uEd/gcc-9-9.4.0/debian/tmp-nvptx/usr,hsa --without-cuda-driver --enable-checking=release --build=x86_64-linux-gnu --host=x86_64-linux-gnu --target=x86_64-linux-gnu
Thread model: posix
gcc version 9.4.0 (Ubuntu 9.4.0-1ubuntu1~20.04.1) 
configure:3026: $? = 0
configure:3015: gcc -V >&5
gcc: error: unrecognized command line option '-V'
gcc: fatal error: no input files
compilation terminated.
configure:3026: $? = 1
configure:3015: gcc -qversion >&5
gcc: error: unrecognized command line option '-qversion'; did you mean '--version'?
gcc: fatal error: no input files
compilation terminated.
configure:3026: $? = 1
configure:3030: checking whether we are using the GNU C compiler
configure:3049: gcc -c   conftest.c >&5
configure:3049: $? = 0
configure:3058: result: yes
configure:3067: checking whether gcc accepts -g
configure:3087: gcc -c -g  conftest.c >&5
configure:3087: $? = 0
configure:3128: result: yes
configure:3145: checking for gcc option to accept ISO C89
configure:3208: gcc  -c -g -O2  conftest.c >&5
configure:3208: $? = 0
configure:3221: result: none needed
configure:3278: checking whether gcc understands -c and -o together
configure:3300: gcc -c conftest.c -o conftest2.o
configure:3303: $? = 0
configure:3300: gcc -c conftest.c -o conftest2.o
configure:3303: $? = 0
configure:3315: result: yes
configure:3342: checking how to run the C preprocessor
configure:3373: gcc -E  conftest.c
configure:3373: $? = 0
configure:3387: gcc -E  conftest.c
conftest.c:9:10: fatal error: ac_nonexistent.h: No such file or directory
    9 | #include <ac_nonexistent.h>
      |          ^~~~~~~~~~~~~~~~~~
compilation terminated.
configure:3387: $? = 1
configure: failed program was:
| /* confdefs.h */
| #define PACKAGE_NAME "exampleChain"
| #define PACKAGE_TARNAME "examplechain"
| #define PACKAGE_VERSION "0.1"
| #define PACKAGE_STRING "exampleChain 0.1"
| #define PACKAGE_BUGREPORT "1127254428@qq.com"
| #define PACKAGE_URL ""
| /* end confdefs.h.  */
| #include <ac_nonexistent.h>
configure:3412: result: gcc -E
configure:3432: gcc -E  conftest.c
configure:3432: $? = 0
configure:3446: gcc -E  conftest.c
conftest.c:9:10: fatal error: ac_nonexistent.h: No such file or directory
    9 | #include <ac_nonexistent.h>
      |          ^~~~~~~~~~~~~~~~~~
compilation terminated.
configure:3446: $? = 1
configure: failed program was:
| /* confdefs.h */
| #define PACKAGE_NAME "exampleChain"
| #define PACKAGE_TARNAME "examplechain"
| #define PACKAGE_VERSION "0.1"
| #define PACKAGE_STRING "exampleChain 0.1"
| #define PACKAGE_BUGREPORT "1127254428@qq.com"
| #define PACKAGE_URL ""
| /* end confdefs.h.  */
| #include <ac_nonexistent.h>
configure:3475: checking for grep that handles long lines and -e
configure:3533: result: /usr/bin/grep
configure:3538: checking for egrep
configure:3600: result: /usr/bin/grep -E
configure:3605: checking for ANSI C header files
configure:3625: gcc -c -g -O2  conftest.c >&5
configure:3625: $? = 0
configure:3698: gcc -o conftest -g -O2   conftest.c  >&5
configure:3698: $? = 0
configure:3698: ./conftest
configure:3698: $? = 0
configure:3709: result: yes
configure:3722: checking for sys/types.h
configure:3722: gcc -c -g -O2  conftest.c >&5
configure:3722: $? = 0
configure:3722: result: yes
configure:3722: checking for sys/stat.h
configure:3722: gcc -c -g -O2  conftest.c >&5
configure:3722: $? = 0
configure:3722: result: yes
configure:3722: checking for stdlib.h
configure:3722: gcc -c -g -O2  conftest.c >&5
configure:3722: $? = 0
configure:3722: result: yes
configure:3722: checking for string.h
configure:3722: gcc -c -g -O2  conftest.c >&5
configure:3722: $? = 0
configure:3722: result: yes
configure:3722: checking for memory.h
configure:3722: gcc -c -g -O2  conftest.c >&5
configure:3722: $? = 0
configure:3722: result: yes
configure:3722: checking for strings.h
configure:3722: gcc -c -g -O2  conftest.c >&5
configure:3722: $? = 0
configure:3722: result: yes
configure:3722: checking for inttypes.h
configure:3722: gcc -c -g -O2  conftest.c >&5
configure:3722: $? = 0
configure:3722: result: yes
configure:3722: checking for stdint.h
configure:3722: gcc -c -g -O2  conftest.c >&5
configure:3722: $? = 0
configure:3722: result: yes
configure:3722: checking for unistd.h
configure:3722: gcc -c -g -O2  conftest.c >&5
configure:3722: $? = 0
configure:3722: result: yes
configure:3736: checking for stdint.h
configure:3736: result: yes
configure:3762: checking for a BSD-compatible install
configure:3830: result: /usr/bin/install -c
configure:3841: checking whether build environment is sane
configure:3896: result: yes
configure:4042: checking for a thread-safe mkdir -p
configure:4081: result: /usr/bin/mkdir -p
configure:4088: checking for gawk
configure:4118: result: no
configure:4088: checking for mawk
configure:4104: found /usr/bin/mawk
configure:4115: result: mawk
configure:4126: checking whether make sets $(MAKE)
configure:4148: result: yes
configure:4170: checking whether make supports the include directive
configure:4185: make -f confmf.GNU && cat confinc.out
make[1]: Entering directory '/home/guanzhb/workspace/codes/cpfw'
make[1]: Leaving directory '/home/guanzhb/workspace/codes/cpfw'
this is the am__doit target
configure:4188: $? = 0
configure:4207: result: yes (GNU style)
configure:4240: checking whether make supports nested variables
configure:4257: result: yes
configure:4343: checking dependency style of gcc
configure:4454: result: gcc3
configure:4471: checking dependency style of g++
configure:4582: result: gcc3
configure:4641: checking for inline
configure:4657: gcc -c -g -O2  conftest.c >&5
configure:4657: $? = 0
configure:4665: result: inline
configure:4683: checking for int32_t
configure:4683: gcc -c -g -O2  conftest.c >&5
configure:4683: $? = 0
configure:4683: gcc -c -g -O2  conftest.c >&5
conftest.c: In function 'main':
conftest.c:60:53: warning: integer overflow in expression of type 'int' results in '-2147483648' [-Woverflow]
   60 |    < (int32_t) (((((int32_t) 1 << N) << N) - 1) * 2 + 2))];
      |                                                     ^
conftest.c:59:12: error: storage size of 'test_array' isn't constant
   59 | static int test_array [1 - 2 * !((int32_t) (((((int32_t) 1 << N) << N) - 1) * 2 + 1)
      |            ^~~~~~~~~~
configure:4683: $? = 1
configure: failed program was:
| /* confdefs.h */
| #define PACKAGE_NAME "exampleChain"
| #define PACKAGE_TARNAME "examplechain"
| #define PACKAGE_VERSION "0.1"
| #define PACKAGE_STRING "exampleChain 0.1"
| #define PACKAGE_BUGREPORT "1127254428@qq.com"
| #define PACKAGE_URL ""
| #define STDC_HEADERS 1
| #define HAVE_SYS_TYPES_H 1
| #define HAVE_SYS_STAT_H 1
| #define HAVE_STDLIB_H 1
| #define HAVE_STRING_H 1
| #define HAVE_MEMORY_H 1
| #define HAVE_STRINGS_H 1
| #define HAVE_INTTYPES_H 1
| #define HAVE_STDINT_H 1
| #define HAVE_UNISTD_H 1
| #define HAVE_STDINT_H 1
| #define PACKAGE "exampleChain"
| #define VERSION "0.1"
| /* end confdefs.h.  */
| #include <stdio.h>
| #ifdef HAVE_SYS_TYPES_H
| # include <sys/types.h>
| #endif
| #ifdef HAVE_SYS_STAT_H
| # include <sys/stat.h>
| #endif
| #ifdef STDC_HEADERS
| # include <stdlib.h>
| # include <stddef.h>
| #else
| # ifdef HAVE_STDLIB_H
| #  include <stdlib.h>
| # endif
| #endif
| #ifdef HAVE_STRING_H
| # if !defined STDC_HEADERS && defined HAVE_MEMORY_H
| #  include <memory.h>
| # endif
| # include <string.h>
| #endif
| #ifdef HAVE_STRINGS_H
| # include <strings.h>
| #endif
| #ifdef HAVE_INTTYPES_H
| # include <inttypes.h>
| #endif
| #ifdef HAVE_STDINT_H
| # include <stdint.h>
| #endif
| #ifdef HAVE_UNISTD_H
| # include <unistd.h>
| #endif
| 	        enum { N = 32 / 2 - 1 };
| int
| main ()
| {
| static int test_array [1 - 2 * !((int32_t) (((((int32_t) 1 << N) << N) - 1) * 2 + 1)
| 		 < (int32_t) (((((int32_t) 1 << N) << N) - 1) * 2 + 2))];
| test_array [0] = 0;
| return test_array [0];
| 
|   ;
|   return 0;
| }
configure:4683: result: yes
configure:4694: checking for uint32_t
configure:4694: gcc -c -g -O2  conftest.c >&5
configure:4694: $? = 0
configure:4694: result: yes
configure:4813: checking that generated files are newer than configure
configure:4819: result: done
configure:4846: creating ./config.status

## ---------------- ##
## Cache variables. ##
## ---------------- ##

ac_cv_c_compiler_gnu=yes
ac_cv_c_inline=inline
ac_cv_c_int32_t=yes
ac_cv_c_uint32_t=yes
ac_cv_cxx_compiler_gnu=yes
ac_cv_env_CCC_set=
ac_cv_env_CCC_value=
ac_cv_env_CC_set=
ac_cv_env_CC_value=
ac_cv_env_CFLAGS_set=
ac_cv_env_CFLAGS_value=
ac_cv_env_CPPFLAGS_set=
ac_cv_env_CPPFLAGS_value=
ac_cv_env_CPP_set=
ac_cv_env_CPP_value=
ac_cv_env_CXXFLAGS_set=
ac_cv_env_CXXFLAGS_value=
ac_cv_env_CXX_set=
ac_cv_env_CXX_value=
ac_cv_env_LDFLAGS_set=
ac_cv_env_LDFLAGS_value=
ac_cv_env_LIBS_set=
ac_cv_env_LIBS_value=
ac_cv_env_build_alias_set=
ac_cv_env_build_alias_value=
ac_cv_env_host_alias_set=
ac_cv_env_host_alias_value=
ac_cv_env_target_alias_set=
ac_cv_env_target_alias_value=
ac_cv_header_inttypes_h=yes
ac_cv_header_memory_h=yes
ac_cv_header_stdc=yes
ac_cv_header_stdint_h=yes
ac_cv_header_stdlib_h=yes
ac_cv_header_string_h=yes
ac_cv_header_strings_h=yes
ac_cv_header_sys_stat_h=yes
ac_cv_header_sys_types_h=yes
ac_cv_header_unistd_h=yes
ac_cv_objext=o
ac_cv_path_EGREP='/usr/bin/grep -E'
ac_cv_path_GREP=/usr/bin/grep
ac_cv_path_install='/usr/bin/install -c'
ac_cv_path_mkdir=/usr/bin/mkdir
ac_cv_prog_AWK=mawk
ac_cv_prog_CPP='gcc -E'
ac_cv_prog_ac_ct_CC=gcc
ac_cv_prog_ac_ct_CXX=g++
ac_cv_prog_cc_c89=
ac_cv_prog_cc_g=yes
ac_cv_prog_cxx_g=yes
ac_cv_prog_make_make_set=yes
am_cv_CC_dependencies_compiler_type=gcc3
am_cv_CXX_dependencies_compiler_type=gcc3
am_cv_make_support_nested_variables=yes
am_cv_prog_cc_c_o=yes

## ----------------- ##
## Output variables. ##
## ----------------- ##

ACLOCAL='${SHELL} /home/guanzhb/workspace/codes/cpfw/missing aclocal-1.16'
AMDEPBACKSLASH='\'
AMDEP_FALSE='#'
AMDEP_TRUE=''
AMTAR='$${TAR-tar}'
AM_BACKSLASH='\'
AM_DEFAULT_V='$(AM_DEFAULT_VERBOSITY)'
AM_DEFAULT_VERBOSITY='1'
AM_V='$(V)'
AUTOCONF='${SHELL} /home/guanzhb/workspace/codes/cpfw/missing autoconf'
AUTOHEADER='${SHELL} /home/guanzhb/workspace/codes/cpfw/missing autoheader'
AUTOMAKE='${SHELL} /home/guanzhb/workspace/codes/cpfw/missing automake-1.16'
AWK='mawk'
CC='gcc'
CCDEPMODE='depmode=gcc3'
CFLAGS='-g -O2'
CPP='gcc -E'
CPPFLAGS=''
CXX='g++'
CXXDEPMODE='depmode=gcc3'
CXXFLAGS='-g -O2'
CYGPATH_W='echo'
DEFS='-DHAVE_CONFIG_H'
DEPDIR='.deps'
ECHO_C=''
ECHO_N='-n'
ECHO_T=''
EGREP='/usr/bin/grep -E'
EXEEXT=''
GREP='/usr/bin/grep'
INSTALL_DATA='${INSTALL} -m 644'
INSTALL_PROGRAM='${INSTALL}'
INSTALL_SCRIPT='${INSTALL}'
INSTALL_STRIP_PROGRAM='$(install_sh) -c -s'
LDFLAGS=''
LIBOBJS=''
LIBS=''
LTLIBOBJS=''
MAKEINFO='${SHELL} /home/guanzhb/workspace/codes/cpfw/missing makeinfo'
MKDIR_P='/usr/bin/mkdir -p'
OBJEXT='o'
PACKAGE='exampleChain'
PACKAGE_BUGREPORT='1127254428@qq.com'
PACKAGE_NAME='exampleChain'
PACKAGE_STRING='exampleChain 0.1'
PACKAGE_TARNAME='examplechain'
PACKAGE_URL=''
PACKAGE_VERSION='0.1'
PATH_SEPARATOR=':'
SET_MAKE=''
SHELL='/bin/bash'
STRIP=''
VERSION='0.1'
ac_ct_CC='gcc'
ac_ct_CXX='g++'
am__EXEEXT_FALSE=''
am__EXEEXT_TRUE='#'
am__fastdepCC_FALSE='#'
am__fastdepCC_TRUE=''
am__fastdepCXX_FALSE='#'
am__fastdepCXX_TRUE=''
am__include='include'
am__isrc=''
am__leading_dot='.'
am__nodep='_no'
am__quote=''
am__tar='$${TAR-tar} chof - "$$tardir"'
am__untar='$${TAR-tar} xf -'
bindir='${exec_prefix}/bin'
build_alias=''
datadir='${datarootdir}'
datarootdir='${prefix}/share'
docdir='${datarootdir}/doc/${PACKAGE_TARNAME}'
dvidir='${docdir}'
exec_prefix='${prefix}'
host_alias=''
htmldir='${docdir}'
includedir='${prefix}/include'
infodir='${datarootdir}/info'
install_sh='${SHELL} /home/guanzhb/workspace/codes/cpfw/install-sh'
libdir='${exec_prefix}/lib'
libexecdir='${exec_prefix}/libexec'
localedir='${datarootdir}/locale'
localstatedir='${prefix}/var'
mandir='${datarootdir}/man'
mkdir_p='$(MKDIR_P)'
oldincludedir='/usr/include'
pdfdir='${docdir}'
prefix='/usr/local'
program_transform_name='s,x,x,'
psdir='${docdir}'
runstatedir='${localstatedir}/run'
sbindir='${exec_prefix}/sbin'
sharedstatedir='${prefix}/com'
sysconfdir='${prefix}/etc'
target_alias=''

## ----------- ##
## confdefs.h. ##
## ----------- ##

/* confdefs.h */
#define PACKAGE_NAME "exampleChain"
#define PACKAGE_TARNAME "examplechain"
#define PACKAGE_VERSION "0.1"
#define PACKAGE_STRING "exampleChain 0.1"
#define PACKAGE_BUGREPORT "1127254428@qq.com"
#define PACKAGE_URL ""
#define STDC_HEADERS 1
#define HAVE_SYS_TYPES_H 1
#define HAVE_SYS_STAT_H 1
#define HAVE_STDLIB_H 1
#define HAVE_STRING_H 1
#define HAVE_MEMORY_H 1
#define HAVE_STRINGS_H 1
#define HAVE_INTTYPES_H 1
#define HAVE_STDINT_H 1
#define HAVE_UNISTD_H 1
#define HAVE_STDINT_H 1
#define PACKAGE "exampleChain"
#define VERSION "0.1"

configure: exit 0

## ---------------------- ##
## Running config.status. ##
## ---------------------- ##

This file was extended by exampleChain config.status 0.1, which was
generated by GNU Autoconf 2.69.  Invocation command line was

  CONFIG_FILES    = 
  CONFIG_HEADERS  = 
  CONFIG_LINKS    = 
  CONFIG_COMMANDS = 
  $ ./config.status 

on ubuntu

config.status:856: creating Makefile
config.status:856: creating config.h
config.status:1037: config.h is unchanged
config.status:1085: executing depfiles commands

## ---------------------- ##
## Running config.status. ##
## ---------------------- ##

This file was extended by exampleChain config.status 0.1, which was
generated by GNU Autoconf 2.69.  Invocation command line was

  CONFIG_FILES    = 
  CONFIG_HEADERS  = 
  CONFIG_LINKS    = 
  CONFIG_COMMANDS = 
  $ ./config.status config.h

on ubuntu

config.status:856: creating config.h
config.status:1037: config.h is unchanged

## ---------------------- ##
## Running config.status. ##
## ---------------------- ##

This file was extended by exampleChain config.status 0.1, which was
generated by GNU Autoconf 2.69.  Invocation command line was

  CONFIG_FILES    = 
  CONFIG_HEADERS  = 
  CONFIG_LINKS    = 
  CONFIG_COMMANDS = 
  $ ./config.status Makefile

on ubuntu

config.status:856: creating Makefile

## ---------------------- ##
## Running config.status. ##
## ---------------------- ##

This file was extended by exampleChain config.status 0.1, which was
generated by GNU Autoconf 2.69.  Invocation command line was

  CONFIG_FILES    = 
  CONFIG_HEADERS  = 
  CONFIG_LINKS    = 
  CONFIG_COMMANDS = 
  $ ./config.status Makefile depfiles

on ubuntu

config.status:856: creating Makefile
config.status:1085: executing depfiles commands
config.status:1162: cd .       && sed -e '/# am--include-marker/d' Makefile         | make -f - am--depfiles
make[1]: Entering directory '/home/guanzhb/workspace/codes/cpfw'
make[1]: Leaving directory '/home/guanzhb/workspace/codes/cpfw'
config.status:1167: $? = 0

## ---------------------- ##
## Running config.status. ##
## ---------------------- ##

This file was extended by exampleChain config.status 0.1, which was
generated by GNU Autoconf 2.69.  Invocation command line was

  CONFIG_FILES    = 
  CONFIG_HEADERS  = 
  CONFIG_LINKS    = 
  CONFIG_COMMANDS = 
  $ ./config.status Makefile depfiles

on ubuntu

config.status:856: creating Makefile
config.status:1085: executing depfiles commands
config.status:1162: cd .       && sed -e '/# am--include-marker/d' Makefile         | make -f - am--depfiles
make[1]: Entering directory '/home/guanzhb/workspace/codes/cpfw'
make[1]: Nothing to be done for 'am--depfiles'.
make[1]: Leaving directory '/home/guanzhb/workspace/codes/cpfw'
config.status:1167: $? = 0

## ---------------------- ##
## Running config.status. ##
## ---------------------- ##

This file was extended by exampleChain config.status 0.1, which was
generated by GNU Autoconf 2.69.  Invocation command line was

  CONFIG_FILES    = 
  CONFIG_HEADERS  = 
  CONFIG_LINKS    = 
  CONFIG_COMMANDS = 
  $ ./config.status Makefile depfiles

on ubuntu

config.status:856: creating Makefile
config.status:1085: executing depfiles commands
config.status:1162: cd .       && sed -e '/# am--include-marker/d' Makefile         | make -f - am--depfiles
make[1]: Entering directory '/home/guanzhb/workspace/codes/cpfw'
make[1]: Nothing to be done for 'am--depfiles'.
make[1]: Leaving directory '/home/guanzhb/workspace/codes/cpfw'
config.status:1167: $? = 0
